<?xml version="1.0" encoding="UTF-8"?>
<!-- Generated by org.testng.reporters.JUnitReportReporter -->
<testsuite skipped="0" hostname="DESKTOP-RU0JSMC" name="com.training.sanity.tests.RTTC006_TestChangePwd" tests="1" failures="0" timestamp="19 May 2020 06:31:33 GMT" time="52.698" errors="0">
  <testcase name="validLoginTest" time="52.698" classname="com.training.sanity.tests.RTTC006_TestChangePwd"/>
</testsuite> <!-- com.training.sanity.tests.RTTC006_TestChangePwd -->
