<?xml version="1.0" encoding="UTF-8"?>
<!-- Generated by org.testng.reporters.JUnitReportReporter -->
<testsuite skipped="0" hostname="DESKTOP-RU0JSMC" name="com.training.sanity.tests.RTTC034_OrderAsGuestCopy" tests="3" failures="0" timestamp="11 May 2020 08:03:18 GMT" time="36.853" errors="0">
  <testcase name="OrderAsGuest" time="13.975" classname="com.training.sanity.tests.RTTC034_OrderAsGuestCopy"/>
  <testcase name="AddProdToCart" time="22.877" classname="com.training.sanity.tests.RTTC034_OrderAsGuestCopy"/>
  <testcase name="CheckOut" time="0.001" classname="com.training.sanity.tests.RTTC034_OrderAsGuestCopy"/>
</testsuite> <!-- com.training.sanity.tests.RTTC034_OrderAsGuestCopy -->
