<?xml version="1.0" encoding="UTF-8"?>
<!-- Generated by org.testng.reporters.JUnitReportReporter -->
<testsuite skipped="0" hostname="DESKTOP-RU0JSMC" name="com.training.sanity.tests.RTTC066_AdminVerifyErrorForInvalidProductAdd" tests="6" failures="0" timestamp="20 May 2020 04:45:18 GMT" time="70.763" errors="0">
  <testcase name="Login" time="3.150" classname="com.training.sanity.tests.RTTC066_AdminVerifyErrorForInvalidProductAdd"/>
  <testcase name="OpenCatalogProducts" time="2.503" classname="com.training.sanity.tests.RTTC066_AdminVerifyErrorForInvalidProductAdd"/>
  <testcase name="CreateNewProduct" time="17.411" classname="com.training.sanity.tests.RTTC066_AdminVerifyErrorForInvalidProductAdd"/>
  <testcase name="CreateNewProduct" time="15.391" classname="com.training.sanity.tests.RTTC066_AdminVerifyErrorForInvalidProductAdd"/>
  <testcase name="CreateNewProduct" time="15.218" classname="com.training.sanity.tests.RTTC066_AdminVerifyErrorForInvalidProductAdd"/>
  <testcase name="CreateNewProduct" time="17.090" classname="com.training.sanity.tests.RTTC066_AdminVerifyErrorForInvalidProductAdd"/>
</testsuite> <!-- com.training.sanity.tests.RTTC066_AdminVerifyErrorForInvalidProductAdd -->
