<?xml version="1.0" encoding="UTF-8"?>
<!-- Generated by org.testng.reporters.JUnitReportReporter -->
<testsuite skipped="0" hostname="DESKTOP-RU0JSMC" name="com.training.sanity.tests.LoginTests" tests="1" failures="0" timestamp="19 May 2020 12:09:10 GMT" time="18.025" errors="0">
  <testcase name="validLoginTest" time="18.025" classname="com.training.sanity.tests.LoginTests"/>
</testsuite> <!-- com.training.sanity.tests.LoginTests -->
