<?xml version="1.0" encoding="UTF-8"?>
<!-- Generated by org.testng.reporters.JUnitReportReporter -->
<testsuite skipped="0" hostname="DESKTOP-RU0JSMC" name="com.training.sanity.tests.RTTC036_ReturnProduct" tests="3" failures="0" timestamp="19 May 2020 06:40:18 GMT" time="54.847" errors="0">
  <testcase name="LoginTest" time="21.976" classname="com.training.sanity.tests.RTTC036_ReturnProduct"/>
  <testcase name="OpenOrderDetails" time="14.625" classname="com.training.sanity.tests.RTTC036_ReturnProduct"/>
  <testcase name="ReturnOrder" time="18.246" classname="com.training.sanity.tests.RTTC036_ReturnProduct"/>
</testsuite> <!-- com.training.sanity.tests.RTTC036_ReturnProduct -->
