<?xml version="1.0" encoding="UTF-8"?>
<!-- Generated by org.testng.reporters.JUnitReportReporter -->
<testsuite skipped="0" hostname="DESKTOP-RU0JSMC" name="com.training.sanity.tests.RTTC035_AdminAddProdWithRewards" tests="3" failures="0" timestamp="14 May 2020 04:34:17 GMT" time="22.884" errors="0">
  <testcase name="Login" time="2.889" classname="com.training.sanity.tests.RTTC035_AdminAddProdWithRewards"/>
  <testcase name="OpenProducts" time="1.951" classname="com.training.sanity.tests.RTTC035_AdminAddProdWithRewards"/>
  <testcase name="AddNewproduct" time="18.044" classname="com.training.sanity.tests.RTTC035_AdminAddProdWithRewards"/>
</testsuite> <!-- com.training.sanity.tests.RTTC035_AdminAddProdWithRewards -->
