<?xml version="1.0" encoding="UTF-8"?>
<!-- Generated by org.testng.reporters.JUnitReportReporter -->
<testsuite skipped="0" hostname="DESKTOP-RU0JSMC" name="com.training.sanity.tests.RTTC004_LoginTest" tests="1" failures="0" timestamp="11 May 2020 05:05:13 GMT" time="58.489" errors="0">
  <testcase name="validLoginTest" time="58.489" classname="com.training.sanity.tests.RTTC004_LoginTest"/>
</testsuite> <!-- com.training.sanity.tests.RTTC004_LoginTest -->
