<?xml version="1.0" encoding="UTF-8"?>
<!-- Generated by org.testng.reporters.JUnitReportReporter -->
<testsuite skipped="0" hostname="DESKTOP-RU0JSMC" name="com.training.sanity.tests.RTTC004_LoginTest" tests="1" failures="0" timestamp="19 May 2020 06:28:20 GMT" time="63.388" errors="0">
  <testcase name="validLoginTest" time="63.388" classname="com.training.sanity.tests.RTTC004_LoginTest"/>
</testsuite> <!-- com.training.sanity.tests.RTTC004_LoginTest -->
