<?xml version="1.0" encoding="UTF-8"?>
<!-- Generated by org.testng.reporters.JUnitReportReporter -->
<testsuite skipped="0" hostname="DESKTOP-RU0JSMC" name="com.training.sanity.tests.RTTC065_AdminToAddMultipleProducts" tests="6" failures="0" timestamp="20 May 2020 05:10:12 GMT" time="67.301" errors="0">
  <testcase name="Login" time="2.871" classname="com.training.sanity.tests.RTTC065_AdminToAddMultipleProducts"/>
  <testcase name="OpenCatalogProducts" time="2.536" classname="com.training.sanity.tests.RTTC065_AdminToAddMultipleProducts"/>
  <testcase name="CreateNewProduct" time="16.795" classname="com.training.sanity.tests.RTTC065_AdminToAddMultipleProducts"/>
  <testcase name="CreateNewProduct" time="14.704" classname="com.training.sanity.tests.RTTC065_AdminToAddMultipleProducts"/>
  <testcase name="CreateNewProduct" time="15.245" classname="com.training.sanity.tests.RTTC065_AdminToAddMultipleProducts"/>
  <testcase name="CreateNewProduct" time="15.150" classname="com.training.sanity.tests.RTTC065_AdminToAddMultipleProducts"/>
</testsuite> <!-- com.training.sanity.tests.RTTC065_AdminToAddMultipleProducts -->
