<?xml version="1.0" encoding="UTF-8"?>
<!-- Generated by org.testng.reporters.JUnitReportReporter -->
<testsuite skipped="0" hostname="DESKTOP-RU0JSMC" name="com.training.sanity.tests.RTTC005_Test" tests="1" failures="0" timestamp="09 May 2020 09:46:58 GMT" time="68.495" errors="0">
  <testcase name="validLoginTest" time="68.495" classname="com.training.sanity.tests.RTTC005_Test"/>
</testsuite> <!-- com.training.sanity.tests.RTTC005_Test -->
