<?xml version="1.0" encoding="UTF-8"?>
<!-- Generated by org.testng.reporters.JUnitReportReporter -->
<testsuite skipped="0" hostname="DESKTOP-RU0JSMC" name="com.training.sanity.tests.RTTC035_AdminAddProdWithRewards" tests="3" failures="0" timestamp="19 May 2020 06:37:53 GMT" time="25.174" errors="0">
  <testcase name="Login" time="2.269" classname="com.training.sanity.tests.RTTC035_AdminAddProdWithRewards"/>
  <testcase name="OpenProducts" time="1.733" classname="com.training.sanity.tests.RTTC035_AdminAddProdWithRewards"/>
  <testcase name="AddNewproduct" time="21.172" classname="com.training.sanity.tests.RTTC035_AdminAddProdWithRewards"/>
</testsuite> <!-- com.training.sanity.tests.RTTC035_AdminAddProdWithRewards -->
