<?xml version="1.0" encoding="UTF-8"?>
<!-- Generated by org.testng.reporters.JUnitReportReporter -->
<testsuite skipped="0" hostname="DESKTOP-RU0JSMC" name="com.training.sanity.tests.RTTC034_OrderAsGuest" tests="3" failures="0" timestamp="14 May 2020 04:32:14 GMT" time="73.817" errors="0">
  <testcase name="OrderAsGuest" time="15.647" classname="com.training.sanity.tests.RTTC034_OrderAsGuest"/>
  <testcase name="AddProdToCart" time="23.347" classname="com.training.sanity.tests.RTTC034_OrderAsGuest"/>
  <testcase name="CheckOut" time="34.823" classname="com.training.sanity.tests.RTTC034_OrderAsGuest"/>
</testsuite> <!-- com.training.sanity.tests.RTTC034_OrderAsGuest -->
