<?xml version="1.0" encoding="UTF-8"?>
<!-- Generated by org.testng.reporters.JUnitReportReporter -->
<testsuite skipped="0" hostname="DESKTOP-RU0JSMC" name="com.training.sanity.tests.RTTC034_OrderAsGuest" tests="3" failures="0" timestamp="19 May 2020 06:36:36 GMT" time="84.615" errors="0">
  <testcase name="OrderAsGuest" time="19.493" classname="com.training.sanity.tests.RTTC034_OrderAsGuest"/>
  <testcase name="AddProdToCart" time="27.467" classname="com.training.sanity.tests.RTTC034_OrderAsGuest"/>
  <testcase name="CheckOut" time="37.655" classname="com.training.sanity.tests.RTTC034_OrderAsGuest"/>
</testsuite> <!-- com.training.sanity.tests.RTTC034_OrderAsGuest -->
