<?xml version="1.0" encoding="UTF-8"?>
<!-- Generated by org.testng.reporters.JUnitReportReporter -->
<testsuite skipped="0" hostname="DESKTOP-RU0JSMC" name="com.training.sanity.tests.RTTC036_ReturnProduct" tests="3" failures="0" timestamp="14 May 2020 04:37:05 GMT" time="43.344" errors="0">
  <testcase name="LoginTest" time="17.467" classname="com.training.sanity.tests.RTTC036_ReturnProduct"/>
  <testcase name="OpenOrderDetails" time="11.248" classname="com.training.sanity.tests.RTTC036_ReturnProduct"/>
  <testcase name="ReturnOrder" time="14.629" classname="com.training.sanity.tests.RTTC036_ReturnProduct"/>
</testsuite> <!-- com.training.sanity.tests.RTTC036_ReturnProduct -->
