<?xml version="1.0" encoding="UTF-8"?>
<!-- Generated by org.testng.reporters.JUnitReportReporter -->
<testsuite skipped="0" hostname="DESKTOP-RU0JSMC" name="com.training.sanity.tests.RTTC064_AdminToFilterWithMultipleValues" tests="6" failures="0" timestamp="19 May 2020 07:02:15 GMT" time="32.268" errors="0">
  <testcase name="Login" time="4.037" classname="com.training.sanity.tests.RTTC064_AdminToFilterWithMultipleValues"/>
  <testcase name="OpenCatalogProducts" time="5.895" classname="com.training.sanity.tests.RTTC064_AdminToFilterWithMultipleValues"/>
  <testcase name="SearchProduct" time="6.100" classname="com.training.sanity.tests.RTTC064_AdminToFilterWithMultipleValues"/>
  <testcase name="SearchProduct" time="5.444" classname="com.training.sanity.tests.RTTC064_AdminToFilterWithMultipleValues"/>
  <testcase name="SearchProduct" time="5.448" classname="com.training.sanity.tests.RTTC064_AdminToFilterWithMultipleValues"/>
  <testcase name="SearchProduct" time="5.344" classname="com.training.sanity.tests.RTTC064_AdminToFilterWithMultipleValues"/>
</testsuite> <!-- com.training.sanity.tests.RTTC064_AdminToFilterWithMultipleValues -->
